<?xml version="1.0" encoding="UTF-8"?>
<!-- Generated by org.testng.reporters.JUnitReportReporter -->
<testsuite hostname="LAPTOP-FR0QIG93" failures="0" tests="1" name="TestCases.NewTest" time="23.118" errors="0" timestamp="16 Dec 2018 12:29:48 GMT" skipped="0">
  <testcase classname="TestCases.NewTest" name="test" time="23.118"/>
</testsuite> <!-- TestCases.NewTest -->
